<html>
<body>
<pre>
<h1>µVision Build Log</h1>
<h2>Tool Versions:</h2>
IDE-Version: ¦ÌVision V5.24.2.0
Copyright (C) 2017 ARM Ltd and ARM Germany GmbH. All rights reserved.
License Information: kain wu, southeast universuty, LIC=LSNNN-Y77Y3-ZWY2V-PVN6M-3DTAV-MCK1M
 
Tool Versions:
Toolchain:       MDK-ARM Plus  Version: 5.24.1
Toolchain Path:  C:\Keil_v5\ARM\ARMCC\Bin
C Compiler:      Armcc.exe V5.06 update 5 (build 528)
Assembler:       Armasm.exe V5.06 update 5 (build 528)
Linker/Locator:  ArmLink.exe V5.06 update 5 (build 528)
Library Manager: ArmAr.exe V5.06 update 5 (build 528)
Hex Converter:   FromElf.exe V5.06 update 5 (build 528)
CPU DLL:         SARMCM3.DLL V5.24.1
Dialog DLL:      DCM.DLL V1.16.0.0
Target DLL:      Segger\JL2CM3.dll V2.99.26.0
Dialog DLL:      TCM.DLL V1.32.0.0
 
<h2>Project:</h2>
G:\projectFile\graduationProject\softProject\softwore\flowWebKwil1.0\MDK-ARM\flowWebKwil1.0.uvprojx
Project File Date:  01/29/2018

<h2>Output:</h2>
*** Using Compiler 'V5.06 update 5 (build 528)', folder: 'C:\Keil_v5\ARM\ARMCC\Bin'
Build target 'flowWebKwil1.0'
compiling Ultrasonic.c...
..\Inc\ultrasonic.h(10): warning:  #1295-D: Deprecated declaration GetUltraTemperature - give arg types
  HAL_StatusTypeDef GetUltraTemperature();
..\Inc\ultrasonic.h(15): warning:  #1295-D: Deprecated declaration GetUltraDistance - give arg types
  HAL_StatusTypeDef GetUltraDistance();
..\Inc\ultrasonic.h(18): warning:  #1295-D: Deprecated declaration GetUltraDurationTime - give arg types
  HAL_StatusTypeDef GetUltraDurationTime();
..\Inc\ultrasonic.h(22): warning:  #1295-D: Deprecated declaration loopUltra - give arg types
  void loopUltra();
..\Inc\ultrasonic.h(25): warning:  #1-D: last line of file ends without a newline
  #endif
..\Src\Ultrasonic.c(16): warning:  #167-D: argument of type "char *" is incompatible with parameter of type "uint8_t *"
      return HAL_UART_Transmit(&huart5,cmd,3,100);
..\Src\Ultrasonic.c(23): warning:  #223-D: function "strlen" declared implicitly
      if(strlen(Data) < 2) return -100.0f;   // å‡ºé”™
..\Src\Ultrasonic.c(25): error:  #20: identifier "rawData" is undefined
      temp = rawData[0]&0x07;
..\Src\Ultrasonic.c(42): warning:  #167-D: argument of type "char *" is incompatible with parameter of type "uint8_t *"
      return HAL_UART_Transmit(&huart5,cmd,3,100);
..\Src\Ultrasonic.c(49): warning:  #223-D: function "strlen" declared implicitly
      if(strlen(rawData) < 2) return -1;   // å‡ºé”™
..\Src\Ultrasonic.c(47): warning:  #177-D: variable "cmd"  was declared but never referenced
      const char cmd[] = {0xe8, 0x02, 0xb4};
..\Src\Ultrasonic.c(66): warning:  #940-D: missing return statement at end of non-void function "GetUltraDurationTime" 
  }
..\Src\Ultrasonic.c(75): warning:  #223-D: function "strlen" declared implicitly
      if(strlen(rawData) < 2) return -1;   // å‡ºé”™
..\Src\Ultrasonic.c(89): error:  #167: argument of type "float" is incompatible with parameter of type "uint8_t *"
          if(HAL_UART_Receive(&huart5,*ultraTemperature,5,100) == HAL_OK){
..\Src\Ultrasonic.c(90): warning:  #520-D: initialization with "{...}" expected for aggregate object
              char ret[5] = *ultraTemperature;
..\Src\Ultrasonic.c(94): error:  #167: argument of type "char" is incompatible with parameter of type "char *restrict"
              sprintf(uTemperChar,"%g",receiveTemper);
..\Src\Ultrasonic.c(95): warning:  #223-D: function "sendData" declared implicitly
              sendData("Temperature",uTemperChar,100);
..\Src\Ultrasonic.c(101): error:  #167: argument of type "int" is incompatible with parameter of type "uint8_t *"
          if(HAL_UART_Receive(&huart5,*ultraDistance,5,100) == HAL_OK){
..\Src\Ultrasonic.c(102): warning:  #520-D: initialization with "{...}" expected for aggregate object
              char ret[5] = *ultraDistance;
..\Src\Ultrasonic.c(106): error:  #167: argument of type "char" is incompatible with parameter of type "char *restrict"
              sprintf(uDistanceChar,"%d",receiveDistance)
..\Src\Ultrasonic.c(107): error:  #65: expected a ";"
              sendData("Distance",uDistanceChar,100);
..\Src\Ultrasonic.c(113): error:  #167: argument of type "int" is incompatible with parameter of type "uint8_t *"
          if(HAL_UART_Receive(&huart5,*ultraTime,5,100) == HAL_OK){
..\Src\Ultrasonic.c(114): warning:  #520-D: initialization with "{...}" expected for aggregate object
              char ret[5] = *ultraTime;
..\Src\Ultrasonic.c(118): error:  #167: argument of type "char" is incompatible with parameter of type "char *restrict"
              sprintf(uTimeChar,"%d",receiveTime);
..\Src\Ultrasonic.c(119): warning:  #223-D: function "sendData" declared implicitly
              sendData("Ultrasonic",uTemperChar,100);
..\Src\Ultrasonic.c(119): error:  #20: identifier "uTemperChar" is undefined
              sendData("Ultrasonic",uTemperChar,100);
..\Src\Ultrasonic.c(122): warning:  #1-D: last line of file ends without a newline
  }
..\Src\Ultrasonic.c: 18 warnings, 9 errors
compiling RS485Loop.c...
..\Inc\tcpServer.h(14): warning:  #1295-D: Deprecated declaration wifiStartListening - give arg types
  void wifiStartListening();
..\Inc\tcpServer.h(17): warning:  #1295-D: Deprecated declaration wifiDataReceived - give arg types
  void wifiDataReceived();
..\Inc\RS485.h(23): warning:  #1295-D: Deprecated declaration getVortexTotalFlow - give arg types
  float getVortexTotalFlow();
..\Inc\RS485.h(25): warning:  #1295-D: Deprecated declaration getVortexFlowrate - give arg types
  float getVortexFlowrate();
..\Inc\RS485.h(28): warning:  #1295-D: Deprecated declaration loopVortex - give arg types
  void loopVortex();
..\Inc\RS485.h(30): warning:  #1295-D: Deprecated declaration loopHeatMeter - give arg types
  void loopHeatMeter();
..\Src\RS485Loop.c(211): warning:  #223-D: function "strlen" declared implicitly
              if (strlen(vortesData)>0)
..\Src\RS485Loop.c(213): warning:  #520-D: initialization with "{...}" expected for aggregate object
                  char ret[30] = *vortesData;
..\Src\RS485Loop.c(247): warning:  #9-D: nested comment is not allowed
              /*!æ“ä½œç¼“å†²æ•°ç»„ï¼Œæš‚åœæŽ¥å—ä¸­æ–?
..\Src\RS485Loop.c(297): warning:  #223-D: function "MX_USART3_UART_Init_2400" declared implicitly
      MX_USART3_UART_Init_2400();
..\Src\RS485Loop.c(332): warning:  #223-D: function "MX_USART3_UART_Init" declared implicitly
          MX_USART3_UART_Init();
..\Src\RS485Loop.c(346): warning:  #223-D: function "strlen" declared implicitly
              if(strlen(heatMeterData)>0){
..\Src\RS485Loop.c(347): warning:  #520-D: initialization with "{...}" expected for aggregate object
                  char ret[100] = *heatMeterData;
..\Src\RS485Loop.c(389): warning:  #9-D: nested comment is not allowed
              /*!æ“ä½œç¼“å†²æ•°ç»„ï¼Œæš‚åœæŽ¥å—ä¸­æ–?
..\Src\RS485Loop.c(19): warning:  #177-D: function "uart3_change_baudrate_2400"  was declared but never referenced
  static void uart3_change_baudrate_2400(void)
..\Src\RS485Loop.c(30): warning:  #177-D: function "uart3_change_baudrate_9600"  was declared but never referenced
  static void uart3_change_baudrate_9600(void)
Internal fault: [0xb84dbf:5060528] in loopVortex
Please contact your supplier.
compiling eleWeight.c...
..\Inc\elecWeight.h(10): warning:  #1295-D: Deprecated declaration GetWeightValue - give arg types
  HAL_StatusTypeDef GetWeightValue();
..\Inc\elecWeight.h(14): warning:  #1295-D: Deprecated declaration loopWeight - give arg types
  void loopWeight();
..\Inc\elecWeight.h(16): warning:  #1295-D: Deprecated declaration SetWeightZero - give arg types
  HAL_StatusTypeDef SetWeightZero();
..\Inc\tcpServer.h(14): warning:  #1295-D: Deprecated declaration wifiStartListening - give arg types
  void wifiStartListening();
..\Inc\tcpServer.h(17): warning:  #1295-D: Deprecated declaration wifiDataReceived - give arg types
  void wifiDataReceived();
..\Inc\RS485.h(23): warning:  #1295-D: Deprecated declaration getVortexTotalFlow - give arg types
  float getVortexTotalFlow();
..\Inc\RS485.h(25): warning:  #1295-D: Deprecated declaration getVortexFlowrate - give arg types
  float getVortexFlowrate();
..\Inc\RS485.h(28): warning:  #1295-D: Deprecated declaration loopVortex - give arg types
  void loopVortex();
..\Inc\RS485.h(30): warning:  #1295-D: Deprecated declaration loopHeatMeter - give arg types
  void loopHeatMeter();
..\Src\eleWeight.c(42): error:  #167: argument of type "int" is incompatible with parameter of type "uint8_t *"
      return HAL_UART_Transmit(&huart7,'R',1,100);
..\Src\eleWeight.c(41): warning:  #177-D: variable "cmd"  was declared but never referenced
      uint8_t cmd = {'R'};
..\Src\eleWeight.c(71): error:  #167: argument of type "uint8_t" is incompatible with parameter of type "uint8_t *"
          if(HAL_UART_Receive(&huart7,*weightData,20,100) == HAL_OK){
..\Src\eleWeight.c(72): warning:  #223-D: function "strlen" declared implicitly
              if(strlen(*weightData)>0){
..\Src\eleWeight.c(73): warning:  #520-D: initialization with "{...}" expected for aggregate object
                  char ret[20] = *weightData;
..\Src\eleWeight.c(77): error:  #167: argument of type "char" is incompatible with parameter of type "char *restrict"
                  sprintf(weightChar,"%g",receivWeight);
..\Src\eleWeight.c(78): error:  #167: argument of type "char" is incompatible with parameter of type "char *"
                  sendData("Weight",weightChar,100);
..\Src\eleWeight.c: 12 warnings, 4 errors
compiling tcpServer.c...
..\Inc\tcpServer.h(14): warning:  #1295-D: Deprecated declaration wifiStartListening - give arg types
  void wifiStartListening();
..\Inc\tcpServer.h(17): warning:  #1295-D: Deprecated declaration wifiDataReceived - give arg types
  void wifiDataReceived();
..\Src\tcpServer.c(25): warning:  #520-D: initialization with "{...}" expected for aggregate object
  	char TCPPack[] = strcat(key, value);
..\Src\tcpServer.c(25): error:  #144: a value of type "char *" cannot be used to initialize an entity of type "char"
  	char TCPPack[] = strcat(key, value);
..\Src\tcpServer.c(26): warning:  #167-D: argument of type "char *" is incompatible with parameter of type "uint8_t *"
  	HAL_UART_Transmit_IT(&huart4,TCPPack,sizeof(TCPPack));
..\Src\tcpServer.c(31): warning:  #520-D: initialization with "{...}" expected for aggregate object
  	char TCPPack[] = strcat(key, value);
..\Src\tcpServer.c(31): error:  #144: a value of type "char *" cannot be used to initialize an entity of type "char"
  	char TCPPack[] = strcat(key, value);
..\Src\tcpServer.c(32): warning:  #167-D: argument of type "char *" is incompatible with parameter of type "uint8_t *"
  	HAL_UART_Transmit(&huart4,TCPPack,sizeof(TCPPack),timeout);
..\Src\tcpServer.c(147): warning:  #520-D: initialization with "{...}" expected for aggregate object
  	char key[] = strtok(receiveData,s);
..\Src\tcpServer.c(147): error:  #144: a value of type "char *" cannot be used to initialize an entity of type "char"
  	char key[] = strtok(receiveData,s);
..\Src\tcpServer.c(148): warning:  #520-D: initialization with "{...}" expected for aggregate object
  	char value[] = strtok(
ULL,s);
..\Src\tcpServer.c(148): error:  #144: a value of type "char *" cannot be used to initialize an entity of type "char"
  	char value[] = strtok(
ULL,s);
..\Src\tcpServer.c(171): warning:  #223-D: function "SetInverterFreq" declared implicitly
  		SetInverterFreq(atof(value));
..\Src\tcpServer.c(183): warning:  #223-D: function "StopInverter" declared implicitly
          StopInverter();
..\Src\tcpServer.c(203): warning:  #520-D: initialization with "{...}" expected for aggregate object
  		char wifiData[] = *wifiRxBuffer;
..\Src\tcpServer.c(201): warning:  #550-D: variable "numOfBuffer"  was set but never used
          unsigned char numOfBuffer;
..\Src\tcpServer.c: 12 warnings, 4 errors
"flowWebKwil1.0\flowWebKwil1.0" - 17 Error(s), 58 Warning(s).

<h2>Software Packages used:</h2>

Package Vendor: ARM
                http://www.keil.com/pack/ARM.CMSIS.5.0.1.pack
                ARM.CMSIS.5.0.1
                CMSIS (Cortex Microcontroller Software Interface Standard)
   * Component: CORE Version: 5.0.1

Package Vendor: Keil
                http://www.keil.com/pack/Keil.STM32F7xx_DFP.2.9.0.pack
                Keil.STM32F7xx_DFP.2.9.0
                STMicroelectronics STM32F7 Series Device Support, Drivers and Examples

<h2>Collection of Component include folders:</h2>
  .\RTE\_flowWebKwil1.0
  C:\Keil_v5\ARM\PACK\ARM\CMSIS\5.0.1\CMSIS\Include
  C:\Keil_v5\ARM\PACK\Keil\STM32F7xx_DFP\2.9.0\Drivers\CMSIS\Device\ST\STM32F7xx\Include

<h2>Collection of Component Files used:</h2>

   * Component: ARM::CMSIS:CORE:5.0.1
Target not created.
Build Time Elapsed:  00:00:02
</pre>
</body>
</html>
